Added Component: Designator=*(IRF7470)
Added Component: Designator=C1(SMD_Ceramic_CAP)
Add component (AddParameter): Name = "Check_prices"; Value = "https://www.snapeda.com/parts/0805YC103J4T2A/AVX/view-part/?ref=eda"; VariantName = "[No Variations]"
Add component (AddParameter): Name = "MF"; Value = "AVX"; VariantName = "[No Variations]"
Add component (AddParameter): Name = "MP"; Value = "0805YC103J4T2A"; VariantName = "[No Variations]"
Add component (AddParameter): Name = "Package"; Value = "2012 AVX"; VariantName = "[No Variations]"
Add component (AddParameter): Name = "SnapEDA_Link"; Value = "https://www.snapeda.com/parts/0805YC103J4T2A/AVX/view-part/?ref=snap"; VariantName = "[No Variations]"
Add component (AddParameter): Name = "Value"; Value = ""; VariantName = "[No Variations]"
Added Component: Designator=C2(SMD_Ceramic_CAP)
Add component (AddParameter): Name = "Check_prices"; Value = "https://www.snapeda.com/parts/0805YC103J4T2A/AVX/view-part/?ref=eda"; VariantName = "[No Variations]"
Add component (AddParameter): Name = "MF"; Value = "AVX"; VariantName = "[No Variations]"
Add component (AddParameter): Name = "MP"; Value = "0805YC103J4T2A"; VariantName = "[No Variations]"
Add component (AddParameter): Name = "Package"; Value = "2012 AVX"; VariantName = "[No Variations]"
Add component (AddParameter): Name = "SnapEDA_Link"; Value = "https://www.snapeda.com/parts/0805YC103J4T2A/AVX/view-part/?ref=snap"; VariantName = "[No Variations]"
Add component (AddParameter): Name = "Value"; Value = ""; VariantName = "[No Variations]"
Added Component: Designator=C3(SMD_Ceramic_CAP)
Add component (AddParameter): Name = "Check_prices"; Value = "https://www.snapeda.com/parts/0805YC103J4T2A/AVX/view-part/?ref=eda"; VariantName = "[No Variations]"
Add component (AddParameter): Name = "MF"; Value = "AVX"; VariantName = "[No Variations]"
Add component (AddParameter): Name = "MP"; Value = "0805YC103J4T2A"; VariantName = "[No Variations]"
Add component (AddParameter): Name = "Package"; Value = "2012 AVX"; VariantName = "[No Variations]"
Add component (AddParameter): Name = "SnapEDA_Link"; Value = "https://www.snapeda.com/parts/0805YC103J4T2A/AVX/view-part/?ref=snap"; VariantName = "[No Variations]"
Add component (AddParameter): Name = "Value"; Value = ""; VariantName = "[No Variations]"
Added Component: Designator=C4(Capacitor_Bipolar-SMD)
Add component (AddParameter): Name = "Availability"; Value = "Unavailable"; VariantName = "[No Variations]"
Add component (AddParameter): Name = "MF"; Value = ""; VariantName = "[No Variations]"
Add component (AddParameter): Name = "MP"; Value = "CAPACITOR"; VariantName = "[No Variations]"
Add component (AddParameter): Name = "Package"; Value = "None"; VariantName = "[No Variations]"
Add component (AddParameter): Name = "Price"; Value = "None"; VariantName = "[No Variations]"
Add component (AddParameter): Name = "Value"; Value = ""; VariantName = "[No Variations]"
Added Component: Designator=C5(Capacitor_Bipolar-SMD)
Add component (AddParameter): Name = "Availability"; Value = "Unavailable"; VariantName = "[No Variations]"
Add component (AddParameter): Name = "MF"; Value = ""; VariantName = "[No Variations]"
Add component (AddParameter): Name = "MP"; Value = "CAPACITOR"; VariantName = "[No Variations]"
Add component (AddParameter): Name = "Package"; Value = "None"; VariantName = "[No Variations]"
Add component (AddParameter): Name = "Price"; Value = "None"; VariantName = "[No Variations]"
Add component (AddParameter): Name = "Value"; Value = ""; VariantName = "[No Variations]"
Added Component: Designator=C6(SMD_Ceramic_CAP)
Add component (AddParameter): Name = "Check_prices"; Value = "https://www.snapeda.com/parts/0805YC103J4T2A/AVX/view-part/?ref=eda"; VariantName = "[No Variations]"
Add component (AddParameter): Name = "MF"; Value = "AVX"; VariantName = "[No Variations]"
Add component (AddParameter): Name = "MP"; Value = "0805YC103J4T2A"; VariantName = "[No Variations]"
Add component (AddParameter): Name = "Package"; Value = "2012 AVX"; VariantName = "[No Variations]"
Add component (AddParameter): Name = "SnapEDA_Link"; Value = "https://www.snapeda.com/parts/0805YC103J4T2A/AVX/view-part/?ref=snap"; VariantName = "[No Variations]"
Add component (AddParameter): Name = "Value"; Value = ""; VariantName = "[No Variations]"
Added Component: Designator=C7(Capacitor_Bipolar-SMD)
Add component (AddParameter): Name = "Availability"; Value = "Unavailable"; VariantName = "[No Variations]"
Add component (AddParameter): Name = "MF"; Value = ""; VariantName = "[No Variations]"
Add component (AddParameter): Name = "MP"; Value = "CAPACITOR"; VariantName = "[No Variations]"
Add component (AddParameter): Name = "Package"; Value = "None"; VariantName = "[No Variations]"
Add component (AddParameter): Name = "Price"; Value = "None"; VariantName = "[No Variations]"
Add component (AddParameter): Name = "Value"; Value = ""; VariantName = "[No Variations]"
Added Component: Designator=C8(Capacitor_Bipolar-SMD)
Add component (AddParameter): Name = "Availability"; Value = "Unavailable"; VariantName = "[No Variations]"
Add component (AddParameter): Name = "MF"; Value = ""; VariantName = "[No Variations]"
Add component (AddParameter): Name = "MP"; Value = "CAPACITOR"; VariantName = "[No Variations]"
Add component (AddParameter): Name = "Package"; Value = "None"; VariantName = "[No Variations]"
Add component (AddParameter): Name = "Price"; Value = "None"; VariantName = "[No Variations]"
Add component (AddParameter): Name = "Value"; Value = ""; VariantName = "[No Variations]"
Added Component: Designator=C9(SMD_Ceramic_CAP)
Add component (AddParameter): Name = "Check_prices"; Value = "https://www.snapeda.com/parts/0805YC103J4T2A/AVX/view-part/?ref=eda"; VariantName = "[No Variations]"
Add component (AddParameter): Name = "MF"; Value = "AVX"; VariantName = "[No Variations]"
Add component (AddParameter): Name = "MP"; Value = "0805YC103J4T2A"; VariantName = "[No Variations]"
Add component (AddParameter): Name = "Package"; Value = "2012 AVX"; VariantName = "[No Variations]"
Add component (AddParameter): Name = "SnapEDA_Link"; Value = "https://www.snapeda.com/parts/0805YC103J4T2A/AVX/view-part/?ref=snap"; VariantName = "[No Variations]"
Add component (AddParameter): Name = "Value"; Value = ""; VariantName = "[No Variations]"
Added Component: Designator=C10(Capacitor_Bipolar-SMD)
Add component (AddParameter): Name = "Availability"; Value = "Unavailable"; VariantName = "[No Variations]"
Add component (AddParameter): Name = "MF"; Value = ""; VariantName = "[No Variations]"
Add component (AddParameter): Name = "MP"; Value = "CAPACITOR"; VariantName = "[No Variations]"
Add component (AddParameter): Name = "Package"; Value = "None"; VariantName = "[No Variations]"
Add component (AddParameter): Name = "Price"; Value = "None"; VariantName = "[No Variations]"
Add component (AddParameter): Name = "Value"; Value = ""; VariantName = "[No Variations]"
Added Component: Designator=C11(Capacitor_Bipolar-SMD)
Add component (AddParameter): Name = "Availability"; Value = "Unavailable"; VariantName = "[No Variations]"
Add component (AddParameter): Name = "MF"; Value = ""; VariantName = "[No Variations]"
Add component (AddParameter): Name = "MP"; Value = "CAPACITOR"; VariantName = "[No Variations]"
Add component (AddParameter): Name = "Package"; Value = "None"; VariantName = "[No Variations]"
Add component (AddParameter): Name = "Price"; Value = "None"; VariantName = "[No Variations]"
Add component (AddParameter): Name = "Value"; Value = ""; VariantName = "[No Variations]"
Added Component: Designator=C12(SMD_Ceramic_CAP)
Add component (AddParameter): Name = "Check_prices"; Value = "https://www.snapeda.com/parts/0805YC103J4T2A/AVX/view-part/?ref=eda"; VariantName = "[No Variations]"
Add component (AddParameter): Name = "MF"; Value = "AVX"; VariantName = "[No Variations]"
Add component (AddParameter): Name = "MP"; Value = "0805YC103J4T2A"; VariantName = "[No Variations]"
Add component (AddParameter): Name = "Package"; Value = "2012 AVX"; VariantName = "[No Variations]"
Add component (AddParameter): Name = "SnapEDA_Link"; Value = "https://www.snapeda.com/parts/0805YC103J4T2A/AVX/view-part/?ref=snap"; VariantName = "[No Variations]"
Add component (AddParameter): Name = "Value"; Value = ""; VariantName = "[No Variations]"
Added Component: Designator=C13(SMD_Ceramic_CAP)
Add component (AddParameter): Name = "Check_prices"; Value = "https://www.snapeda.com/parts/0805YC103J4T2A/AVX/view-part/?ref=eda"; VariantName = "[No Variations]"
Add component (AddParameter): Name = "MF"; Value = "AVX"; VariantName = "[No Variations]"
Add component (AddParameter): Name = "MP"; Value = "0805YC103J4T2A"; VariantName = "[No Variations]"
Add component (AddParameter): Name = "Package"; Value = "2012 AVX"; VariantName = "[No Variations]"
Add component (AddParameter): Name = "SnapEDA_Link"; Value = "https://www.snapeda.com/parts/0805YC103J4T2A/AVX/view-part/?ref=snap"; VariantName = "[No Variations]"
Add component (AddParameter): Name = "Value"; Value = ""; VariantName = "[No Variations]"
Added Component: Designator=C14(SMD_Ceramic_CAP)
Add component (AddParameter): Name = "Check_prices"; Value = "https://www.snapeda.com/parts/0805YC103J4T2A/AVX/view-part/?ref=eda"; VariantName = "[No Variations]"
Add component (AddParameter): Name = "MF"; Value = "AVX"; VariantName = "[No Variations]"
Add component (AddParameter): Name = "MP"; Value = "0805YC103J4T2A"; VariantName = "[No Variations]"
Add component (AddParameter): Name = "Package"; Value = "2012 AVX"; VariantName = "[No Variations]"
Add component (AddParameter): Name = "SnapEDA_Link"; Value = "https://www.snapeda.com/parts/0805YC103J4T2A/AVX/view-part/?ref=snap"; VariantName = "[No Variations]"
Add component (AddParameter): Name = "Value"; Value = ""; VariantName = "[No Variations]"
Added Component: Designator=C15(SMD_Ceramic_CAP)
Add component (AddParameter): Name = "Check_prices"; Value = "https://www.snapeda.com/parts/0805YC103J4T2A/AVX/view-part/?ref=eda"; VariantName = "[No Variations]"
Add component (AddParameter): Name = "MF"; Value = "AVX"; VariantName = "[No Variations]"
Add component (AddParameter): Name = "MP"; Value = "0805YC103J4T2A"; VariantName = "[No Variations]"
Add component (AddParameter): Name = "Package"; Value = "2012 AVX"; VariantName = "[No Variations]"
Add component (AddParameter): Name = "SnapEDA_Link"; Value = "https://www.snapeda.com/parts/0805YC103J4T2A/AVX/view-part/?ref=snap"; VariantName = "[No Variations]"
Add component (AddParameter): Name = "Value"; Value = ""; VariantName = "[No Variations]"
Added Component: Designator=C16(SMD_Ceramic_CAP)
Add component (AddParameter): Name = "Check_prices"; Value = "https://www.snapeda.com/parts/0805YC103J4T2A/AVX/view-part/?ref=eda"; VariantName = "[No Variations]"
Add component (AddParameter): Name = "MF"; Value = "AVX"; VariantName = "[No Variations]"
Add component (AddParameter): Name = "MP"; Value = "0805YC103J4T2A"; VariantName = "[No Variations]"
Add component (AddParameter): Name = "Package"; Value = "2012 AVX"; VariantName = "[No Variations]"
Add component (AddParameter): Name = "SnapEDA_Link"; Value = "https://www.snapeda.com/parts/0805YC103J4T2A/AVX/view-part/?ref=snap"; VariantName = "[No Variations]"
Add component (AddParameter): Name = "Value"; Value = ""; VariantName = "[No Variations]"
Added Component: Designator=C17(SMD_Ceramic_CAP)
Add component (AddParameter): Name = "Check_prices"; Value = "https://www.snapeda.com/parts/0805YC103J4T2A/AVX/view-part/?ref=eda"; VariantName = "[No Variations]"
Add component (AddParameter): Name = "MF"; Value = "AVX"; VariantName = "[No Variations]"
Add component (AddParameter): Name = "MP"; Value = "0805YC103J4T2A"; VariantName = "[No Variations]"
Add component (AddParameter): Name = "Package"; Value = "2012 AVX"; VariantName = "[No Variations]"
Add component (AddParameter): Name = "SnapEDA_Link"; Value = "https://www.snapeda.com/parts/0805YC103J4T2A/AVX/view-part/?ref=snap"; VariantName = "[No Variations]"
Add component (AddParameter): Name = "Value"; Value = ""; VariantName = "[No Variations]"
Added Component: Designator=C18(SMD_Ceramic_CAP)
Add component (AddParameter): Name = "Check_prices"; Value = "https://www.snapeda.com/parts/0805YC103J4T2A/AVX/view-part/?ref=eda"; VariantName = "[No Variations]"
Add component (AddParameter): Name = "MF"; Value = "AVX"; VariantName = "[No Variations]"
Add component (AddParameter): Name = "MP"; Value = "0805YC103J4T2A"; VariantName = "[No Variations]"
Add component (AddParameter): Name = "Package"; Value = "2012 AVX"; VariantName = "[No Variations]"
Add component (AddParameter): Name = "SnapEDA_Link"; Value = "https://www.snapeda.com/parts/0805YC103J4T2A/AVX/view-part/?ref=snap"; VariantName = "[No Variations]"
Add component (AddParameter): Name = "Value"; Value = ""; VariantName = "[No Variations]"
Added Component: Designator=C19(SMD_Ceramic_CAP)
Add component (AddParameter): Name = "Check_prices"; Value = "https://www.snapeda.com/parts/0805YC103J4T2A/AVX/view-part/?ref=eda"; VariantName = "[No Variations]"
Add component (AddParameter): Name = "MF"; Value = "AVX"; VariantName = "[No Variations]"
Add component (AddParameter): Name = "MP"; Value = "0805YC103J4T2A"; VariantName = "[No Variations]"
Add component (AddParameter): Name = "Package"; Value = "2012 AVX"; VariantName = "[No Variations]"
Add component (AddParameter): Name = "SnapEDA_Link"; Value = "https://www.snapeda.com/parts/0805YC103J4T2A/AVX/view-part/?ref=snap"; VariantName = "[No Variations]"
Add component (AddParameter): Name = "Value"; Value = ""; VariantName = "[No Variations]"
Added Component: Designator=C20(Capacitor_Bipolar-SMD)
Add component (AddParameter): Name = "Availability"; Value = "Unavailable"; VariantName = "[No Variations]"
Add component (AddParameter): Name = "MF"; Value = ""; VariantName = "[No Variations]"
Add component (AddParameter): Name = "MP"; Value = "CAPACITOR"; VariantName = "[No Variations]"
Add component (AddParameter): Name = "Package"; Value = "None"; VariantName = "[No Variations]"
Add component (AddParameter): Name = "Price"; Value = "None"; VariantName = "[No Variations]"
Add component (AddParameter): Name = "Value"; Value = ""; VariantName = "[No Variations]"
Added Component: Designator=C21(Capacitor_Bipolar-SMD)
Add component (AddParameter): Name = "Availability"; Value = "Unavailable"; VariantName = "[No Variations]"
Add component (AddParameter): Name = "MF"; Value = ""; VariantName = "[No Variations]"
Add component (AddParameter): Name = "MP"; Value = "CAPACITOR"; VariantName = "[No Variations]"
Add component (AddParameter): Name = "Package"; Value = "None"; VariantName = "[No Variations]"
Add component (AddParameter): Name = "Price"; Value = "None"; VariantName = "[No Variations]"
Add component (AddParameter): Name = "Value"; Value = ""; VariantName = "[No Variations]"
Added Component: Designator=D1(TVS_15V)
Add component (AddParameter): Name = "Check_prices"; Value = "https://www.snapeda.com/parts/UCLAMP0571P.TNT/Semtech+Corporation/view-part/?ref=eda"; VariantName = "[No Variations]"
Add component (AddParameter): Name = "MF"; Value = "Semtech Corporation"; VariantName = "[No Variations]"
Add component (AddParameter): Name = "MP"; Value = "UCLAMP0571P.TNT"; VariantName = "[No Variations]"
Add component (AddParameter): Name = "Package"; Value = "UDFN-2 Semtech"; VariantName = "[No Variations]"
Add component (AddParameter): Name = "SnapEDA_Link"; Value = "https://www.snapeda.com/parts/UCLAMP0571P.TNT/Semtech+Corporation/view-part/?ref=snap"; VariantName = "[No Variations]"
Add component (AddParameter): Name = "Value"; Value = ""; VariantName = "[No Variations]"
Added Component: Designator=D2(LED-0603)
Add component (AddParameter): Name = "Availability"; Value = "Unavailable"; VariantName = "[No Variations]"
Add component (AddParameter): Name = "MF"; Value = "Everlight"; VariantName = "[No Variations]"
Add component (AddParameter): Name = "MP"; Value = "19-217/BHC-ZL1M2RY/3T"; VariantName = "[No Variations]"
Add component (AddParameter): Name = "Package"; Value = "0603 Everlight"; VariantName = "[No Variations]"
Add component (AddParameter): Name = "Price"; Value = "None"; VariantName = "[No Variations]"
Add component (AddParameter): Name = "SnapEDA_Link"; Value = "https://www.snapeda.com/parts/19-217/BHC-ZL1M2RY/3T/Everlight%20Electronics%20Co%20Ltd/view-part/105869/?ref=snap"; VariantName = "[No Variations]"
Add component (AddParameter): Name = "Value"; Value = ""; VariantName = "[No Variations]"
Added Component: Designator=D3(TVS_15V)
Add component (AddParameter): Name = "Check_prices"; Value = "https://www.snapeda.com/parts/UCLAMP0571P.TNT/Semtech+Corporation/view-part/?ref=eda"; VariantName = "[No Variations]"
Add component (AddParameter): Name = "MF"; Value = "Semtech Corporation"; VariantName = "[No Variations]"
Add component (AddParameter): Name = "MP"; Value = "UCLAMP0571P.TNT"; VariantName = "[No Variations]"
Add component (AddParameter): Name = "Package"; Value = "UDFN-2 Semtech"; VariantName = "[No Variations]"
Add component (AddParameter): Name = "SnapEDA_Link"; Value = "https://www.snapeda.com/parts/UCLAMP0571P.TNT/Semtech+Corporation/view-part/?ref=snap"; VariantName = "[No Variations]"
Add component (AddParameter): Name = "Value"; Value = ""; VariantName = "[No Variations]"
Added Component: Designator=D4(LED-0603)
Add component (AddParameter): Name = "Availability"; Value = "Unavailable"; VariantName = "[No Variations]"
Add component (AddParameter): Name = "MF"; Value = "Everlight"; VariantName = "[No Variations]"
Add component (AddParameter): Name = "MP"; Value = "19-217/BHC-ZL1M2RY/3T"; VariantName = "[No Variations]"
Add component (AddParameter): Name = "Package"; Value = "0603 Everlight"; VariantName = "[No Variations]"
Add component (AddParameter): Name = "Price"; Value = "None"; VariantName = "[No Variations]"
Add component (AddParameter): Name = "SnapEDA_Link"; Value = "https://www.snapeda.com/parts/19-217/BHC-ZL1M2RY/3T/Everlight%20Electronics%20Co%20Ltd/view-part/105869/?ref=snap"; VariantName = "[No Variations]"
Add component (AddParameter): Name = "Value"; Value = ""; VariantName = "[No Variations]"
Added Component: Designator=D5(SS24)
Add component (AddParameter): Name = "Availability"; Value = "In Stock"; VariantName = "[No Variations]"
Add component (AddParameter): Name = "Check_prices"; Value = "https://www.snapeda.com/parts/SS24/Onsemi/view-part/?ref=eda"; VariantName = "[No Variations]"
Add component (AddParameter): Name = "MF"; Value = "ON Semiconductor"; VariantName = "[No Variations]"
Add component (AddParameter): Name = "MP"; Value = "SS24"; VariantName = "[No Variations]"
Add component (AddParameter): Name = "Package"; Value = "DO-214AA ON Semiconductor"; VariantName = "[No Variations]"
Add component (AddParameter): Name = "Price"; Value = "None"; VariantName = "[No Variations]"
Add component (AddParameter): Name = "SnapEDA_Link"; Value = "https://www.snapeda.com/parts/SS24/Onsemi/view-part/?ref=snap"; VariantName = "[No Variations]"
Add component (AddParameter): Name = "Value"; Value = ""; VariantName = "[No Variations]"
Added Component: Designator=D(LED-0603)
Add component (AddParameter): Name = "Availability"; Value = "Unavailable"; VariantName = "[No Variations]"
Add component (AddParameter): Name = "MF"; Value = "Everlight"; VariantName = "[No Variations]"
Add component (AddParameter): Name = "MP"; Value = "19-217/BHC-ZL1M2RY/3T"; VariantName = "[No Variations]"
Add component (AddParameter): Name = "Package"; Value = "0603 Everlight"; VariantName = "[No Variations]"
Add component (AddParameter): Name = "Price"; Value = "None"; VariantName = "[No Variations]"
Add component (AddParameter): Name = "SnapEDA_Link"; Value = "https://www.snapeda.com/parts/19-217/BHC-ZL1M2RY/3T/Everlight%20Electronics%20Co%20Ltd/view-part/105869/?ref=snap"; VariantName = "[No Variations]"
Add component (AddParameter): Name = "Value"; Value = ""; VariantName = "[No Variations]"
Added Component: Designator=E1(Ferrite_bead)
Add component (AddParameter): Name = "Availability"; Value = "In Stock"; VariantName = "[No Variations]"
Add component (AddParameter): Name = "Check_prices"; Value = "https://www.snapeda.com/parts/LI0603G121R-10/Laird/view-part/?ref=eda"; VariantName = "[No Variations]"
Add component (AddParameter): Name = "MF"; Value = "Laird"; VariantName = "[No Variations]"
Add component (AddParameter): Name = "MP"; Value = "LI0603G121R-10"; VariantName = "[No Variations]"
Add component (AddParameter): Name = "Package"; Value = "0603 Laird"; VariantName = "[No Variations]"
Add component (AddParameter): Name = "Price"; Value = "None"; VariantName = "[No Variations]"
Add component (AddParameter): Name = "Purchase-URL"; Value = "https://pricing.snapeda.com/search/part/LI0603G121R-10/?ref=eda"; VariantName = "[No Variations]"
Add component (AddParameter): Name = "SnapEDA_Link"; Value = "https://www.snapeda.com/parts/LI0603G121R-10/Laird/view-part/?ref=snap"; VariantName = "[No Variations]"
Add component (AddParameter): Name = "Value"; Value = ""; VariantName = "[No Variations]"
Added Component: Designator=F*(Polyfuse)
Added Component: Designator=J1(XT60PW-F)
Add component (AddParameter): Name = "Check_prices"; Value = "https://www.snapeda.com/parts/XT60PW-F/AMASS/view-part/?ref=eda"; VariantName = "[No Variations]"
Add component (AddParameter): Name = "MF"; Value = "AMASS"; VariantName = "[No Variations]"
Add component (AddParameter): Name = "MP"; Value = "XT60PW-F"; VariantName = "[No Variations]"
Add component (AddParameter): Name = "Package"; Value = "Package"; VariantName = "[No Variations]"
Add component (AddParameter): Name = "SnapEDA_Link"; Value = "https://www.snapeda.com/parts/XT60PW-F/AMASS/view-part/?ref=snap"; VariantName = "[No Variations]"
Add component (AddParameter): Name = "Value"; Value = ""; VariantName = "[No Variations]"
Add component: Footprint Not Found HANDSON_KF301-2P
Added Component: Designator=J4(JST_XH_Balance)
Add component (AddParameter): Name = "Check_prices"; Value = "https://www.snapeda.com/parts/640455-4/TE+Connectivity+AMP+Connectors/view-part/?ref=eda"; VariantName = "[No Variations]"
Add component (AddParameter): Name = "MF"; Value = "TE Connectivity"; VariantName = "[No Variations]"
Add component (AddParameter): Name = "MP"; Value = "640455-4"; VariantName = "[No Variations]"
Add component (AddParameter): Name = "Package"; Value = "None"; VariantName = "[No Variations]"
Add component (AddParameter): Name = "SnapEDA_Link"; Value = "https://www.snapeda.com/parts/640455-4/TE+Connectivity+AMP+Connectors/view-part/?ref=snap"; VariantName = "[No Variations]"
Add component (AddParameter): Name = "Value"; Value = ""; VariantName = "[No Variations]"
Added Component: Designator=J5(HRO_TYPE-C-31-M-12)
Add component (AddParameter): Name = "Check_prices"; Value = "https://www.snapeda.com/parts/TYPE-C-31-M-12/HRO+Electronics+Co.%252C+Ltd./view-part/?ref=eda"; VariantName = "[No Variations]"
Add component (AddParameter): Name = "MF"; Value = "HRO Electronics Co., Ltd."; VariantName = "[No Variations]"
Add component (AddParameter): Name = "MP"; Value = "TYPE-C-31-M-12"; VariantName = "[No Variations]"
Add component (AddParameter): Name = "Package"; Value = "Package"; VariantName = "[No Variations]"
Add component (AddParameter): Name = "SnapEDA_Link"; Value = "https://www.snapeda.com/parts/TYPE-C-31-M-12/HRO+Electronics+Co.%252C+Ltd./view-part/?ref=snap"; VariantName = "[No Variations]"
Add component (AddParameter): Name = "Value"; Value = ""; VariantName = "[No Variations]"
Add component: Footprint Not Found HANDSON_KF301-2P
Add component: Footprint Not Found HANDSON_KF301-2P
Added Component: Designator=R1(Resistor_SMD)
Add component (AddParameter): Name = "Check_prices"; Value = "https://www.snapeda.com/parts/RR0816P-102-D/Susumu/view-part/?ref=eda"; VariantName = "[No Variations]"
Add component (AddParameter): Name = "MF"; Value = "Susumu"; VariantName = "[No Variations]"
Add component (AddParameter): Name = "MP"; Value = "RR0816P-102-D"; VariantName = "[No Variations]"
Add component (AddParameter): Name = "Package"; Value = "1608 Susumu"; VariantName = "[No Variations]"
Add component (AddParameter): Name = "SnapEDA_Link"; Value = "https://www.snapeda.com/parts/RR0816P-102-D/Susumu/view-part/?ref=snap"; VariantName = "[No Variations]"
Add component (AddParameter): Name = "Value"; Value = ""; VariantName = "[No Variations]"
Added Component: Designator=R2(Resistor_SMD)
Add component (AddParameter): Name = "Check_prices"; Value = "https://www.snapeda.com/parts/RR0816P-102-D/Susumu/view-part/?ref=eda"; VariantName = "[No Variations]"
Add component (AddParameter): Name = "MF"; Value = "Susumu"; VariantName = "[No Variations]"
Add component (AddParameter): Name = "MP"; Value = "RR0816P-102-D"; VariantName = "[No Variations]"
Add component (AddParameter): Name = "Package"; Value = "1608 Susumu"; VariantName = "[No Variations]"
Add component (AddParameter): Name = "SnapEDA_Link"; Value = "https://www.snapeda.com/parts/RR0816P-102-D/Susumu/view-part/?ref=snap"; VariantName = "[No Variations]"
Add component (AddParameter): Name = "Value"; Value = ""; VariantName = "[No Variations]"
Added Component: Designator=R3(Resistor_SMD)
Add component (AddParameter): Name = "Check_prices"; Value = "https://www.snapeda.com/parts/RR0816P-102-D/Susumu/view-part/?ref=eda"; VariantName = "[No Variations]"
Add component (AddParameter): Name = "MF"; Value = "Susumu"; VariantName = "[No Variations]"
Add component (AddParameter): Name = "MP"; Value = "RR0816P-102-D"; VariantName = "[No Variations]"
Add component (AddParameter): Name = "Package"; Value = "1608 Susumu"; VariantName = "[No Variations]"
Add component (AddParameter): Name = "SnapEDA_Link"; Value = "https://www.snapeda.com/parts/RR0816P-102-D/Susumu/view-part/?ref=snap"; VariantName = "[No Variations]"
Add component (AddParameter): Name = "Value"; Value = ""; VariantName = "[No Variations]"
Added Component: Designator=R4(Resistor_SMD)
Add component (AddParameter): Name = "Check_prices"; Value = "https://www.snapeda.com/parts/RR0816P-102-D/Susumu/view-part/?ref=eda"; VariantName = "[No Variations]"
Add component (AddParameter): Name = "MF"; Value = "Susumu"; VariantName = "[No Variations]"
Add component (AddParameter): Name = "MP"; Value = "RR0816P-102-D"; VariantName = "[No Variations]"
Add component (AddParameter): Name = "Package"; Value = "1608 Susumu"; VariantName = "[No Variations]"
Add component (AddParameter): Name = "SnapEDA_Link"; Value = "https://www.snapeda.com/parts/RR0816P-102-D/Susumu/view-part/?ref=snap"; VariantName = "[No Variations]"
Add component (AddParameter): Name = "Value"; Value = ""; VariantName = "[No Variations]"
Added Component: Designator=R5(Resistor_SMD)
Add component (AddParameter): Name = "Check_prices"; Value = "https://www.snapeda.com/parts/RR0816P-102-D/Susumu/view-part/?ref=eda"; VariantName = "[No Variations]"
Add component (AddParameter): Name = "MF"; Value = "Susumu"; VariantName = "[No Variations]"
Add component (AddParameter): Name = "MP"; Value = "RR0816P-102-D"; VariantName = "[No Variations]"
Add component (AddParameter): Name = "Package"; Value = "1608 Susumu"; VariantName = "[No Variations]"
Add component (AddParameter): Name = "SnapEDA_Link"; Value = "https://www.snapeda.com/parts/RR0816P-102-D/Susumu/view-part/?ref=snap"; VariantName = "[No Variations]"
Add component (AddParameter): Name = "Value"; Value = ""; VariantName = "[No Variations]"
Added Component: Designator=R6(Resistor_SMD)
Add component (AddParameter): Name = "Check_prices"; Value = "https://www.snapeda.com/parts/RR0816P-102-D/Susumu/view-part/?ref=eda"; VariantName = "[No Variations]"
Add component (AddParameter): Name = "MF"; Value = "Susumu"; VariantName = "[No Variations]"
Add component (AddParameter): Name = "MP"; Value = "RR0816P-102-D"; VariantName = "[No Variations]"
Add component (AddParameter): Name = "Package"; Value = "1608 Susumu"; VariantName = "[No Variations]"
Add component (AddParameter): Name = "SnapEDA_Link"; Value = "https://www.snapeda.com/parts/RR0816P-102-D/Susumu/view-part/?ref=snap"; VariantName = "[No Variations]"
Add component (AddParameter): Name = "Value"; Value = ""; VariantName = "[No Variations]"
Added Component: Designator=R7(Resistor_SMD)
Add component (AddParameter): Name = "Check_prices"; Value = "https://www.snapeda.com/parts/RR0816P-102-D/Susumu/view-part/?ref=eda"; VariantName = "[No Variations]"
Add component (AddParameter): Name = "MF"; Value = "Susumu"; VariantName = "[No Variations]"
Add component (AddParameter): Name = "MP"; Value = "RR0816P-102-D"; VariantName = "[No Variations]"
Add component (AddParameter): Name = "Package"; Value = "1608 Susumu"; VariantName = "[No Variations]"
Add component (AddParameter): Name = "SnapEDA_Link"; Value = "https://www.snapeda.com/parts/RR0816P-102-D/Susumu/view-part/?ref=snap"; VariantName = "[No Variations]"
Add component (AddParameter): Name = "Value"; Value = ""; VariantName = "[No Variations]"
Added Component: Designator=R8(Resistor_SMD)
Add component (AddParameter): Name = "Check_prices"; Value = "https://www.snapeda.com/parts/RR0816P-102-D/Susumu/view-part/?ref=eda"; VariantName = "[No Variations]"
Add component (AddParameter): Name = "MF"; Value = "Susumu"; VariantName = "[No Variations]"
Add component (AddParameter): Name = "MP"; Value = "RR0816P-102-D"; VariantName = "[No Variations]"
Add component (AddParameter): Name = "Package"; Value = "1608 Susumu"; VariantName = "[No Variations]"
Add component (AddParameter): Name = "SnapEDA_Link"; Value = "https://www.snapeda.com/parts/RR0816P-102-D/Susumu/view-part/?ref=snap"; VariantName = "[No Variations]"
Add component (AddParameter): Name = "Value"; Value = ""; VariantName = "[No Variations]"
Added Component: Designator=R9(Resistor_SMD)
Add component (AddParameter): Name = "Check_prices"; Value = "https://www.snapeda.com/parts/RR0816P-102-D/Susumu/view-part/?ref=eda"; VariantName = "[No Variations]"
Add component (AddParameter): Name = "MF"; Value = "Susumu"; VariantName = "[No Variations]"
Add component (AddParameter): Name = "MP"; Value = "RR0816P-102-D"; VariantName = "[No Variations]"
Add component (AddParameter): Name = "Package"; Value = "1608 Susumu"; VariantName = "[No Variations]"
Add component (AddParameter): Name = "SnapEDA_Link"; Value = "https://www.snapeda.com/parts/RR0816P-102-D/Susumu/view-part/?ref=snap"; VariantName = "[No Variations]"
Add component (AddParameter): Name = "Value"; Value = ""; VariantName = "[No Variations]"
Added Component: Designator=R10(Resistor_SMD)
Add component (AddParameter): Name = "Check_prices"; Value = "https://www.snapeda.com/parts/RR0816P-102-D/Susumu/view-part/?ref=eda"; VariantName = "[No Variations]"
Add component (AddParameter): Name = "MF"; Value = "Susumu"; VariantName = "[No Variations]"
Add component (AddParameter): Name = "MP"; Value = "RR0816P-102-D"; VariantName = "[No Variations]"
Add component (AddParameter): Name = "Package"; Value = "1608 Susumu"; VariantName = "[No Variations]"
Add component (AddParameter): Name = "SnapEDA_Link"; Value = "https://www.snapeda.com/parts/RR0816P-102-D/Susumu/view-part/?ref=snap"; VariantName = "[No Variations]"
Add component (AddParameter): Name = "Value"; Value = ""; VariantName = "[No Variations]"
Added Component: Designator=R11(Resistor_SMD)
Add component (AddParameter): Name = "Check_prices"; Value = "https://www.snapeda.com/parts/RR0816P-102-D/Susumu/view-part/?ref=eda"; VariantName = "[No Variations]"
Add component (AddParameter): Name = "MF"; Value = "Susumu"; VariantName = "[No Variations]"
Add component (AddParameter): Name = "MP"; Value = "RR0816P-102-D"; VariantName = "[No Variations]"
Add component (AddParameter): Name = "Package"; Value = "1608 Susumu"; VariantName = "[No Variations]"
Add component (AddParameter): Name = "SnapEDA_Link"; Value = "https://www.snapeda.com/parts/RR0816P-102-D/Susumu/view-part/?ref=snap"; VariantName = "[No Variations]"
Add component (AddParameter): Name = "Value"; Value = ""; VariantName = "[No Variations]"
Added Component: Designator=R12(Resistor_SMD)
Add component (AddParameter): Name = "Check_prices"; Value = "https://www.snapeda.com/parts/RR0816P-102-D/Susumu/view-part/?ref=eda"; VariantName = "[No Variations]"
Add component (AddParameter): Name = "MF"; Value = "Susumu"; VariantName = "[No Variations]"
Add component (AddParameter): Name = "MP"; Value = "RR0816P-102-D"; VariantName = "[No Variations]"
Add component (AddParameter): Name = "Package"; Value = "1608 Susumu"; VariantName = "[No Variations]"
Add component (AddParameter): Name = "SnapEDA_Link"; Value = "https://www.snapeda.com/parts/RR0816P-102-D/Susumu/view-part/?ref=snap"; VariantName = "[No Variations]"
Add component (AddParameter): Name = "Value"; Value = ""; VariantName = "[No Variations]"
Added Component: Designator=R13(Resistor_SMD)
Add component (AddParameter): Name = "Check_prices"; Value = "https://www.snapeda.com/parts/RR0816P-102-D/Susumu/view-part/?ref=eda"; VariantName = "[No Variations]"
Add component (AddParameter): Name = "MF"; Value = "Susumu"; VariantName = "[No Variations]"
Add component (AddParameter): Name = "MP"; Value = "RR0816P-102-D"; VariantName = "[No Variations]"
Add component (AddParameter): Name = "Package"; Value = "1608 Susumu"; VariantName = "[No Variations]"
Add component (AddParameter): Name = "SnapEDA_Link"; Value = "https://www.snapeda.com/parts/RR0816P-102-D/Susumu/view-part/?ref=snap"; VariantName = "[No Variations]"
Add component (AddParameter): Name = "Value"; Value = ""; VariantName = "[No Variations]"
Added Component: Designator=R14(Resistor_SMD)
Add component (AddParameter): Name = "Check_prices"; Value = "https://www.snapeda.com/parts/RR0816P-102-D/Susumu/view-part/?ref=eda"; VariantName = "[No Variations]"
Add component (AddParameter): Name = "MF"; Value = "Susumu"; VariantName = "[No Variations]"
Add component (AddParameter): Name = "MP"; Value = "RR0816P-102-D"; VariantName = "[No Variations]"
Add component (AddParameter): Name = "Package"; Value = "1608 Susumu"; VariantName = "[No Variations]"
Add component (AddParameter): Name = "SnapEDA_Link"; Value = "https://www.snapeda.com/parts/RR0816P-102-D/Susumu/view-part/?ref=snap"; VariantName = "[No Variations]"
Add component (AddParameter): Name = "Value"; Value = ""; VariantName = "[No Variations]"
Added Component: Designator=R15(Resistor_SMD)
Add component (AddParameter): Name = "Check_prices"; Value = "https://www.snapeda.com/parts/RR0816P-102-D/Susumu/view-part/?ref=eda"; VariantName = "[No Variations]"
Add component (AddParameter): Name = "MF"; Value = "Susumu"; VariantName = "[No Variations]"
Add component (AddParameter): Name = "MP"; Value = "RR0816P-102-D"; VariantName = "[No Variations]"
Add component (AddParameter): Name = "Package"; Value = "1608 Susumu"; VariantName = "[No Variations]"
Add component (AddParameter): Name = "SnapEDA_Link"; Value = "https://www.snapeda.com/parts/RR0816P-102-D/Susumu/view-part/?ref=snap"; VariantName = "[No Variations]"
Add component (AddParameter): Name = "Value"; Value = ""; VariantName = "[No Variations]"
Added Component: Designator=R16(Resistor_SMD)
Add component (AddParameter): Name = "Check_prices"; Value = "https://www.snapeda.com/parts/RR0816P-102-D/Susumu/view-part/?ref=eda"; VariantName = "[No Variations]"
Add component (AddParameter): Name = "MF"; Value = "Susumu"; VariantName = "[No Variations]"
Add component (AddParameter): Name = "MP"; Value = "RR0816P-102-D"; VariantName = "[No Variations]"
Add component (AddParameter): Name = "Package"; Value = "1608 Susumu"; VariantName = "[No Variations]"
Add component (AddParameter): Name = "SnapEDA_Link"; Value = "https://www.snapeda.com/parts/RR0816P-102-D/Susumu/view-part/?ref=snap"; VariantName = "[No Variations]"
Add component (AddParameter): Name = "Value"; Value = ""; VariantName = "[No Variations]"
Added Component: Designator=S1(SW_BUTT-2)
Add component (AddParameter): Name = "Check_prices"; Value = "https://www.snapeda.com/parts/BUTT-2/Gravitech/view-part/?ref=eda"; VariantName = "[No Variations]"
Add component (AddParameter): Name = "MF"; Value = "Gravitech"; VariantName = "[No Variations]"
Add component (AddParameter): Name = "MP"; Value = "BUTT-2"; VariantName = "[No Variations]"
Add component (AddParameter): Name = "Package"; Value = "None"; VariantName = "[No Variations]"
Add component (AddParameter): Name = "SnapEDA_Link"; Value = "https://www.snapeda.com/parts/BUTT-2/Gravitech/view-part/?ref=snap"; VariantName = "[No Variations]"
Add component (AddParameter): Name = "Value"; Value = ""; VariantName = "[No Variations]"
Added Component: Designator=S2(SW_BUTT-2)
Add component (AddParameter): Name = "Check_prices"; Value = "https://www.snapeda.com/parts/BUTT-2/Gravitech/view-part/?ref=eda"; VariantName = "[No Variations]"
Add component (AddParameter): Name = "MF"; Value = "Gravitech"; VariantName = "[No Variations]"
Add component (AddParameter): Name = "MP"; Value = "BUTT-2"; VariantName = "[No Variations]"
Add component (AddParameter): Name = "Package"; Value = "None"; VariantName = "[No Variations]"
Add component (AddParameter): Name = "SnapEDA_Link"; Value = "https://www.snapeda.com/parts/BUTT-2/Gravitech/view-part/?ref=snap"; VariantName = "[No Variations]"
Add component (AddParameter): Name = "Value"; Value = ""; VariantName = "[No Variations]"
Added Component: Designator=S3(SW_BUTT-2)
Add component (AddParameter): Name = "Check_prices"; Value = "https://www.snapeda.com/parts/BUTT-2/Gravitech/view-part/?ref=eda"; VariantName = "[No Variations]"
Add component (AddParameter): Name = "MF"; Value = "Gravitech"; VariantName = "[No Variations]"
Add component (AddParameter): Name = "MP"; Value = "BUTT-2"; VariantName = "[No Variations]"
Add component (AddParameter): Name = "Package"; Value = "None"; VariantName = "[No Variations]"
Add component (AddParameter): Name = "SnapEDA_Link"; Value = "https://www.snapeda.com/parts/BUTT-2/Gravitech/view-part/?ref=snap"; VariantName = "[No Variations]"
Add component (AddParameter): Name = "Value"; Value = ""; VariantName = "[No Variations]"
Added Component: Designator=S4(SW_BUTT-2)
Add component (AddParameter): Name = "Check_prices"; Value = "https://www.snapeda.com/parts/BUTT-2/Gravitech/view-part/?ref=eda"; VariantName = "[No Variations]"
Add component (AddParameter): Name = "MF"; Value = "Gravitech"; VariantName = "[No Variations]"
Add component (AddParameter): Name = "MP"; Value = "BUTT-2"; VariantName = "[No Variations]"
Add component (AddParameter): Name = "Package"; Value = "None"; VariantName = "[No Variations]"
Add component (AddParameter): Name = "SnapEDA_Link"; Value = "https://www.snapeda.com/parts/BUTT-2/Gravitech/view-part/?ref=snap"; VariantName = "[No Variations]"
Add component (AddParameter): Name = "Value"; Value = ""; VariantName = "[No Variations]"
Added Component: Designator=U1(ESP32-S3-WROOM-1-N16R2)
Add component (AddParameter): Name = "Check_prices"; Value = "https://www.snapeda.com/parts/ESP32S3WROOM1N16R2/Espressif+Systems/view-part/?ref=eda"; VariantName = "[No Variations]"
Add component (AddParameter): Name = "MF"; Value = "Espressif Systems"; VariantName = "[No Variations]"
Add component (AddParameter): Name = "MP"; Value = "ESP32S3WROOM1N16R2"; VariantName = "[No Variations]"
Add component (AddParameter): Name = "Package"; Value = "NON STANDARD Espressif Systems"; VariantName = "[No Variations]"
Add component (AddParameter): Name = "SnapEDA_Link"; Value = "https://www.snapeda.com/parts/ESP32S3WROOM1N16R2/Espressif+Systems/view-part/?ref=snap"; VariantName = "[No Variations]"
Add component (AddParameter): Name = "Value"; Value = ""; VariantName = "[No Variations]"
Added Component: Designator=U2(AMS1117-5.0)
Add component (AddParameter): Name = "Availability"; Value = "Not in stock"; VariantName = "[No Variations]"
Add component (AddParameter): Name = "Check_prices"; Value = "https://www.snapeda.com/parts/AMS1117-5.0/ams/view-part/?ref=eda"; VariantName = "[No Variations]"
Add component (AddParameter): Name = "MF"; Value = "ams"; VariantName = "[No Variations]"
Add component (AddParameter): Name = "MP"; Value = "AMS1117-5.0"; VariantName = "[No Variations]"
Add component (AddParameter): Name = "Package"; Value = "SOT-223 Seeed Technology"; VariantName = "[No Variations]"
Add component (AddParameter): Name = "Price"; Value = "None"; VariantName = "[No Variations]"
Add component (AddParameter): Name = "SnapEDA_Link"; Value = "https://www.snapeda.com/parts/AMS1117-5.0/ams/view-part/?ref=snap"; VariantName = "[No Variations]"
Add component (AddParameter): Name = "Value"; Value = ""; VariantName = "[No Variations]"
Added Component: Designator=U3(BTS7960B)
Add component (AddParameter): Name = "Check_prices"; Value = "https://www.snapeda.com/parts/BTS7960B/Infineon/view-part/?ref=eda"; VariantName = "[No Variations]"
Add component (AddParameter): Name = "MF"; Value = "Infineon"; VariantName = "[No Variations]"
Add component (AddParameter): Name = "MP"; Value = "BTS7960B"; VariantName = "[No Variations]"
Add component (AddParameter): Name = "Package"; Value = "TO-263 Infineon"; VariantName = "[No Variations]"
Add component (AddParameter): Name = "SnapEDA_Link"; Value = "https://www.snapeda.com/parts/BTS7960B/Infineon/view-part/?ref=snap"; VariantName = "[No Variations]"
Add component (AddParameter): Name = "Value"; Value = ""; VariantName = "[No Variations]"
Added Component: Designator=U4(BTS7960B)
Add component (AddParameter): Name = "Check_prices"; Value = "https://www.snapeda.com/parts/BTS7960B/Infineon/view-part/?ref=eda"; VariantName = "[No Variations]"
Add component (AddParameter): Name = "MF"; Value = "Infineon"; VariantName = "[No Variations]"
Add component (AddParameter): Name = "MP"; Value = "BTS7960B"; VariantName = "[No Variations]"
Add component (AddParameter): Name = "Package"; Value = "TO-263 Infineon"; VariantName = "[No Variations]"
Add component (AddParameter): Name = "SnapEDA_Link"; Value = "https://www.snapeda.com/parts/BTS7960B/Infineon/view-part/?ref=snap"; VariantName = "[No Variations]"
Add component (AddParameter): Name = "Value"; Value = ""; VariantName = "[No Variations]"
Added Component: Designator=U5(TC4420COA)
Add component (AddParameter): Name = "Check_prices"; Value = "https://www.snapeda.com/parts/TC4420COA/Microchip/view-part/?ref=eda"; VariantName = "[No Variations]"
Add component (AddParameter): Name = "MF"; Value = "Microchip Technology"; VariantName = "[No Variations]"
Add component (AddParameter): Name = "MP"; Value = "TC4420COA"; VariantName = "[No Variations]"
Add component (AddParameter): Name = "Package"; Value = "SOIC-8 Microchip"; VariantName = "[No Variations]"
Add component (AddParameter): Name = "SnapEDA_Link"; Value = "https://www.snapeda.com/parts/TC4420COA/Microchip/view-part/?ref=snap"; VariantName = "[No Variations]"
Add component (AddParameter): Name = "Value"; Value = ""; VariantName = "[No Variations]"
Added Component: Designator=U6(AMS1117-5.0)
Add component (AddParameter): Name = "Availability"; Value = "Not in stock"; VariantName = "[No Variations]"
Add component (AddParameter): Name = "Check_prices"; Value = "https://www.snapeda.com/parts/AMS1117-5.0/ams/view-part/?ref=eda"; VariantName = "[No Variations]"
Add component (AddParameter): Name = "MF"; Value = "ams"; VariantName = "[No Variations]"
Add component (AddParameter): Name = "MP"; Value = "AMS1117-5.0"; VariantName = "[No Variations]"
Add component (AddParameter): Name = "Package"; Value = "SOT-223 Seeed Technology"; VariantName = "[No Variations]"
Add component (AddParameter): Name = "Price"; Value = "None"; VariantName = "[No Variations]"
Add component (AddParameter): Name = "SnapEDA_Link"; Value = "https://www.snapeda.com/parts/AMS1117-5.0/ams/view-part/?ref=snap"; VariantName = "[No Variations]"
Add component (AddParameter): Name = "Value"; Value = ""; VariantName = "[No Variations]"
Added Component: Designator=U7(TPS2116)
Add component (AddParameter): Name = "Check_prices"; Value = "https://www.snapeda.com/parts/TPS2116DRLR/Texas+Instruments/view-part/?ref=eda"; VariantName = "[No Variations]"
Add component (AddParameter): Name = "MF"; Value = "Texas Instruments"; VariantName = "[No Variations]"
Add component (AddParameter): Name = "MP"; Value = "TPS2116DRLR"; VariantName = "[No Variations]"
Add component (AddParameter): Name = "Package"; Value = "None"; VariantName = "[No Variations]"
Add component (AddParameter): Name = "SnapEDA_Link"; Value = "https://www.snapeda.com/parts/TPS2116DRLR/Texas+Instruments/view-part/?ref=snap"; VariantName = "[No Variations]"
Add component (AddParameter): Name = "Value"; Value = ""; VariantName = "[No Variations]"
Added Pin To Net: NetName=GND Pin=*-1
Added Pin To Net: NetName=GND Pin=*-2
Added Pin To Net: NetName=GND Pin=*-3
Added Pin To Net: NetName=Gate Pin=*-4
Added Pin To Net: NetName=NFC_DRAIN Pin=*-5
Added Pin To Net: NetName=NFC_DRAIN Pin=*-6
Added Pin To Net: NetName=NFC_DRAIN Pin=*-7
Added Pin To Net: NetName=NFC_DRAIN Pin=*-8
Added Pin To Net: NetName=GND Pin=C1-1
Added Pin To Net: NetName=Boot Pin=C1-2
Added Pin To Net: NetName=GND Pin=C2-1
Added Pin To Net: NetName=3V3 Pin=C2-2
Added Pin To Net: NetName=GND Pin=C3-1
Added Pin To Net: NetName=3V3 Pin=C3-2
Added Pin To Net: NetName=+12V_MAIN Pin=C4-1
Added Pin To Net: NetName=GND Pin=C4-2
Added Pin To Net: NetName=+12V_MAIN Pin=C5-1
Added Pin To Net: NetName=GND Pin=C5-2
Added Pin To Net: NetName=GND Pin=C6-1
Added Pin To Net: NetName=3V3_BAT Pin=C6-2
Added Pin To Net: NetName=3V3_BAT Pin=C7-1
Added Pin To Net: NetName=GND Pin=C7-2
Added Pin To Net: NetName=NetC8_1 Pin=C8-1
Added Pin To Net: NetName=GND Pin=C8-2
Added Pin To Net: NetName=GND Pin=C9-1
Added Pin To Net: NetName=EN Pin=C9-2
Added Pin To Net: NetName=+12V_LF Pin=C10-1
Added Pin To Net: NetName=GND Pin=C10-2
Added Pin To Net: NetName=+12V_LF Pin=C11-1
Added Pin To Net: NetName=GND Pin=C11-2
Added Pin To Net: NetName=+12V_LF Pin=C12-1
Added Pin To Net: NetName=GND Pin=C12-2
Added Pin To Net: NetName=+12V_LF Pin=C13-1
Added Pin To Net: NetName=GND Pin=C13-2
Added Pin To Net: NetName=NetC14_1 Pin=C14-1
Added Pin To Net: NetName=LF_OUT2 Pin=C14-2
Added Pin To Net: NetName=GND Pin=C15-1
Added Pin To Net: NetName=+12V_MAIN Pin=C15-2
Added Pin To Net: NetName=DC_BLOCKED Pin=C16-1
Added Pin To Net: NetName=GND Pin=C16-2
Added Pin To Net: NetName=GND Pin=C17-1
Added Pin To Net: NetName=VBUS Pin=C17-2
Added Pin To Net: NetName=NFC_DRAIN Pin=C18-1
Added Pin To Net: NetName=DC_BLOCKED Pin=C18-2
Added Pin To Net: NetName=GND Pin=C19-1
Added Pin To Net: NetName=3V3_USB Pin=C19-2
Added Pin To Net: NetName=VBUS Pin=C20-1
Added Pin To Net: NetName=GND Pin=C20-2
Added Pin To Net: NetName=3V3_USB Pin=C21-1
Added Pin To Net: NetName=GND Pin=C21-2
Added Pin To Net: NetName=GND Pin=D1-A
Added Pin To Net: NetName=NetC8_1 Pin=D1-K
Added Pin To Net: NetName=GND Pin=D2-NEG
Added Pin To Net: NetName=NetD2_POS Pin=D2-POS
Added Pin To Net: NetName=LF_OUT2 Pin=D3-A
Added Pin To Net: NetName=LF_OUT1 Pin=D3-K
Added Pin To Net: NetName=GND Pin=D4-NEG
Added Pin To Net: NetName=NetD4_POS Pin=D4-POS
Added Pin To Net: NetName=GND Pin=D5-A
Added Pin To Net: NetName=NFC_DRAIN Pin=D5-C
Added Pin To Net: NetName=ST Pin=D-NEG
Added Pin To Net: NetName=NetD_POS Pin=D-POS
Added Pin To Net: NetName=NetC8_1 Pin=E1-1
Added Pin To Net: NetName=+12V_MAIN Pin=E1-2
Add Pin To Net: Unknown Pin: Pin F*-0
Added Pin To Net: NetName=NetC8_1 Pin=F*-1
Added Pin To Net: NetName=NetF*_0 Pin=J1-1
Added Pin To Net: NetName=GND Pin=J1-2
Added Pin To Net: NetName=GND Pin=J1-SH1
Added Pin To Net: NetName=GND Pin=J1-SH2
Add Pin To Net: Unknown Pin: Pin J3-1
Add Pin To Net: Unknown Pin: Pin J3-2
Added Pin To Net: NetName=3V3 Pin=J4-1
Added Pin To Net: NetName=TXD2 Pin=J4-2
Added Pin To Net: NetName=RXD2 Pin=J4-3
Added Pin To Net: NetName=GND Pin=J4-4
Added Pin To Net: NetName=GND Pin=J5-A1_B12
Added Pin To Net: NetName=VBUS Pin=J5-A4_B9
Added Pin To Net: NetName=CC1 Pin=J5-A5
Added Pin To Net: NetName=D+ Pin=J5-A6
Added Pin To Net: NetName=D- Pin=J5-A7
Added Pin To Net: NetName=GND Pin=J5-B1_A12
Added Pin To Net: NetName=VBUS Pin=J5-B4_A9
Added Pin To Net: NetName=CC2 Pin=J5-B5
Added Pin To Net: NetName=D+ Pin=J5-B6
Added Pin To Net: NetName=D- Pin=J5-B7
Added Pin To Net: NetName=GND Pin=J5-S1
Added Pin To Net: NetName=GND Pin=J5-S2
Added Pin To Net: NetName=GND Pin=J5-S3
Added Pin To Net: NetName=GND Pin=J5-S4
Add Pin To Net: Unknown Pin: Pin J6-1
Add Pin To Net: Unknown Pin: Pin J6-2
Add Pin To Net: Unknown Pin: Pin J7-1
Add Pin To Net: Unknown Pin: Pin J7-2
Added Pin To Net: NetName=3V3 Pin=R1-1
Added Pin To Net: NetName=NetD2_POS Pin=R1-2
Added Pin To Net: NetName=3V3 Pin=R2-1
Added Pin To Net: NetName=EN Pin=R2-2
Added Pin To Net: NetName=IO2 Pin=R3-1
Added Pin To Net: NetName=NetD4_POS Pin=R3-2
Added Pin To Net: NetName=LF_OUT1 Pin=R4-1
Added Pin To Net: NetName=NetC14_1 Pin=R4-2
Added Pin To Net: NetName=GND Pin=R5-1
Added Pin To Net: NetName=NetR5_2 Pin=R5-2
Added Pin To Net: NetName=Output Pin=R6-1
Added Pin To Net: NetName=Gate Pin=R6-2
Added Pin To Net: NetName=GND Pin=R7-1
Added Pin To Net: NetName=IS_R Pin=R7-2
Added Pin To Net: NetName=GND Pin=R8-1
Added Pin To Net: NetName=IS_L Pin=R8-2
Added Pin To Net: NetName=GND Pin=R9-1
Added Pin To Net: NetName=NetR9_2 Pin=R9-2
Added Pin To Net: NetName=IO35 Pin=R10-1
Added Pin To Net: NetName=NetR10_2 Pin=R10-2
Added Pin To Net: NetName=GND Pin=R11-1
Added Pin To Net: NetName=CC2 Pin=R11-2
Added Pin To Net: NetName=GND Pin=R12-1
Added Pin To Net: NetName=CC1 Pin=R12-2
Added Pin To Net: NetName=D+ Pin=R13-1
Added Pin To Net: NetName=USB_D_P Pin=R13-2
Added Pin To Net: NetName=IO21 Pin=R14-1
Added Pin To Net: NetName=HF_OUT Pin=R14-2
Added Pin To Net: NetName=D- Pin=R15-1
Added Pin To Net: NetName=USB_D_N Pin=R15-2
Added Pin To Net: NetName=3V3 Pin=R16-1
Added Pin To Net: NetName=NetD_POS Pin=R16-2
Added Pin To Net: NetName=GND Pin=S1-1
Added Pin To Net: NetName=Boot Pin=S1-2
Added Pin To Net: NetName=GND Pin=S2-1
Added Pin To Net: NetName=EN Pin=S2-2
Added Pin To Net: NetName=IO14 Pin=S3-1
Added Pin To Net: NetName=GND Pin=S3-2
Added Pin To Net: NetName=IO15 Pin=S4-1
Added Pin To Net: NetName=GND Pin=S4-2
Added Pin To Net: NetName=3V3 Pin=U1-2
Added Pin To Net: NetName=EN Pin=U1-3
Added Pin To Net: NetName=LF_EN Pin=U1-4
Added Pin To Net: NetName=LF_RPWM Pin=U1-6
Added Pin To Net: NetName=LF_LPWM Pin=U1-7
Added Pin To Net: NetName=IO15 Pin=U1-8
Added Pin To Net: NetName=TXD2 Pin=U1-10
Added Pin To Net: NetName=RXD2 Pin=U1-11
Added Pin To Net: NetName=USB_D_N Pin=U1-13
Added Pin To Net: NetName=USB_D_P Pin=U1-14
Added Pin To Net: NetName=IO14 Pin=U1-22
Added Pin To Net: NetName=IO21 Pin=U1-23
Added Pin To Net: NetName=Boot Pin=U1-27
Added Pin To Net: NetName=IO35 Pin=U1-28
Added Pin To Net: NetName=IO2 Pin=U1-38
Added Pin To Net: NetName=GND Pin=U1-GND
Added Pin To Net: NetName=GND Pin=U1-GND
Added Pin To Net: NetName=GND Pin=U1-GND
Added Pin To Net: NetName=GND Pin=U1-GND
Added Pin To Net: NetName=GND Pin=U1-GND
Added Pin To Net: NetName=GND Pin=U1-GND
Added Pin To Net: NetName=GND Pin=U1-GND
Added Pin To Net: NetName=GND Pin=U1-GND
Added Pin To Net: NetName=GND Pin=U1-GND
Added Pin To Net: NetName=GND Pin=U1-GND
Added Pin To Net: NetName=GND Pin=U1-GND
Added Pin To Net: NetName=GND Pin=U2-1
Added Pin To Net: NetName=3V3_BAT Pin=U2-2
Added Pin To Net: NetName=+12V_MAIN Pin=U2-3
Added Pin To Net: NetName=GND Pin=U3-1
Added Pin To Net: NetName=LF_RPWM Pin=U3-2
Added Pin To Net: NetName=LF_EN Pin=U3-3
Added Pin To Net: NetName=LF_OUT1 Pin=U3-4
Added Pin To Net: NetName=NetR9_2 Pin=U3-5
Added Pin To Net: NetName=IS_R Pin=U3-6
Added Pin To Net: NetName=+12V_MAIN Pin=U3-7
Added Pin To Net: NetName=GND Pin=U4-1
Added Pin To Net: NetName=LF_LPWM Pin=U4-2
Added Pin To Net: NetName=LF_EN Pin=U4-3
Added Pin To Net: NetName=LF_OUT2 Pin=U4-4
Added Pin To Net: NetName=NetR5_2 Pin=U4-5
Added Pin To Net: NetName=IS_L Pin=U4-6
Added Pin To Net: NetName=+12V_MAIN Pin=U4-7
Added Pin To Net: NetName=+12V_MAIN Pin=U5-1
Added Pin To Net: NetName=NetR10_2 Pin=U5-2
Added Pin To Net: NetName=GND Pin=U5-4
Added Pin To Net: NetName=GND Pin=U5-5
Added Pin To Net: NetName=Output Pin=U5-6
Added Pin To Net: NetName=Output Pin=U5-7
Added Pin To Net: NetName=+12V_MAIN Pin=U5-8
Added Pin To Net: NetName=GND Pin=U6-1
Added Pin To Net: NetName=3V3_USB Pin=U6-2
Added Pin To Net: NetName=VBUS Pin=U6-3
Added Pin To Net: NetName=GND Pin=U7-1
Added Pin To Net: NetName=3V3 Pin=U7-2
Added Pin To Net: NetName=3V3_BAT Pin=U7-3
Added Pin To Net: NetName=3V3_USB Pin=U7-4
Added Pin To Net: NetName=GND Pin=U7-5
Added Pin To Net: NetName=3V3_USB Pin=U7-6
Added Pin To Net: NetName=3V3 Pin=U7-7
Added Pin To Net: NetName=ST Pin=U7-8
Added Member To Class: ClassName=Sheet1 Member=Component * IRF7470
Added Member To Class: ClassName=Sheet1 Member=Component C1 100nF
Added Member To Class: ClassName=Sheet1 Member=Component C2 100nF
Added Member To Class: ClassName=Sheet1 Member=Component C3 100nF
Added Member To Class: ClassName=Sheet1 Member=Component C4 10uF
Added Member To Class: ClassName=Sheet1 Member=Component C5 470uF
Added Member To Class: ClassName=Sheet1 Member=Component C6 100nF
Added Member To Class: ClassName=Sheet1 Member=Component C7 10uF
Added Member To Class: ClassName=Sheet1 Member=Component C8 100uF
Added Member To Class: ClassName=Sheet1 Member=Component C9 100nF
Added Member To Class: ClassName=Sheet1 Member=Component C10 1000uF
Added Member To Class: ClassName=Sheet1 Member=Component C11 1000uF
Added Member To Class: ClassName=Sheet1 Member=Component C12 100nF
Added Member To Class: ClassName=Sheet1 Member=Component C13 100nF
Added Member To Class: ClassName=Sheet1 Member=Component C14 100nF
Added Member To Class: ClassName=Sheet1 Member=Component C15 100nF
Added Member To Class: ClassName=Sheet1 Member=Component C16 100pF
Added Member To Class: ClassName=Sheet1 Member=Component C17 100nF
Added Member To Class: ClassName=Sheet1 Member=Component C18 10nF
Added Member To Class: ClassName=Sheet1 Member=Component C19 100nF
Added Member To Class: ClassName=Sheet1 Member=Component C20 10uF
Added Member To Class: ClassName=Sheet1 Member=Component C21 10uF
Added Member To Class: ClassName=Sheet1 Member=Component D1 TVS_15V
Added Member To Class: ClassName=Sheet1 Member=Component D2 BAT_STATUS
Added Member To Class: ClassName=Sheet1 Member=Component D3 TVS_15V
Added Member To Class: ClassName=Sheet1 Member=Component D4 LED1_Status
Added Member To Class: ClassName=Sheet1 Member=Component D5 SS24
Added Member To Class: ClassName=Sheet1 Member=Component D PWR_ST
Added Member To Class: ClassName=Sheet1 Member=Component E1 Ferrite_Bead
Added Member To Class: ClassName=Sheet1 Member=Component F* Polyfuse
Added Member To Class: ClassName=Sheet1 Member=Component J1 XT60PW-F
Add Class Member: Failed to add class member : Component J3 LF Coil Connector
Added Member To Class: ClassName=Sheet1 Member=Component J4 UART2
Added Member To Class: ClassName=Sheet1 Member=Component J5 TYPE-C-31-M-12
Add Class Member: Failed to add class member : Component J6 Antenna
Add Class Member: Failed to add class member : Component J7 HF_OUT
Added Member To Class: ClassName=Sheet1 Member=Component R1 1k
Added Member To Class: ClassName=Sheet1 Member=Component R2 10k
Added Member To Class: ClassName=Sheet1 Member=Component R3 220
Added Member To Class: ClassName=Sheet1 Member=Component R4 10
Added Member To Class: ClassName=Sheet1 Member=Component R5 10k
Added Member To Class: ClassName=Sheet1 Member=Component R6 10
Added Member To Class: ClassName=Sheet1 Member=Component R7 1k
Added Member To Class: ClassName=Sheet1 Member=Component R8 1k
Added Member To Class: ClassName=Sheet1 Member=Component R9 10k
Added Member To Class: ClassName=Sheet1 Member=Component R10 100
Added Member To Class: ClassName=Sheet1 Member=Component R11 5.1k
Added Member To Class: ClassName=Sheet1 Member=Component R12 5.1k
Added Member To Class: ClassName=Sheet1 Member=Component R13 22
Added Member To Class: ClassName=Sheet1 Member=Component R14 10
Added Member To Class: ClassName=Sheet1 Member=Component R15 22
Added Member To Class: ClassName=Sheet1 Member=Component R16 1k
Added Member To Class: ClassName=Sheet1 Member=Component S1 SW1
Added Member To Class: ClassName=Sheet1 Member=Component S2 SW2
Added Member To Class: ClassName=Sheet1 Member=Component S3 BUTT-2
Added Member To Class: ClassName=Sheet1 Member=Component S4 BUTT-2
Added Member To Class: ClassName=Sheet1 Member=Component U1 ESP32-S3-WROOM-1-N16R2
Added Member To Class: ClassName=Sheet1 Member=Component U2 AMS1117-3.3
Added Member To Class: ClassName=Sheet1 Member=Component U3 BTS7960B
Added Member To Class: ClassName=Sheet1 Member=Component U4 BTS7960B
Added Member To Class: ClassName=Sheet1 Member=Component U5 TC4420COA
Added Member To Class: ClassName=Sheet1 Member=Component U6 AMS1117-3.3
Added Member To Class: ClassName=Sheet1 Member=Component U7 TPS2116DRLR
