Change Footprint: Footprint Not Found SOT229P700X180-4N
Change Footprint: Footprint Not Found SOT229P700X180-4N
Change Footprint: Footprint Not Found DPAK127P1490X440-8N
Change Footprint: Footprint Not Found DPAK127P1490X440-8N
Change Footprint: Footprint Not Found C0603K
Change Footprint: Footprint Not Found C0603K
Change Footprint: Footprint Not Found C0603K
Change Footprint: Footprint Not Found C0603K
Change Footprint: Footprint Not Found C0603K
Change Footprint: Footprint Not Found C0603K
Change Footprint: Footprint Not Found C0603K
Change Footprint: Footprint Not Found C0603K
Change Footprint: Footprint Not Found XCVR_ESP32-S3-WROOM-1-N16R2
Change Footprint: Footprint Not Found FB_LI0603G121R-10
Change Footprint: Footprint Not Found TE_640455-4
Change Footprint: Footprint Not Found RESC1608X50N
Change Footprint: Footprint Not Found RESC1608X50N
Change Footprint: Footprint Not Found RESC1608X50N
Change Footprint: Footprint Not Found RESC1608X50N
Change Footprint: Footprint Not Found RESC1608X50N
Change Footprint: Footprint Not Found RESC1608X50N
Change Footprint: Footprint Not Found RESC1608X50N
Change Footprint: Footprint Not Found RESC1608X50N
Change Footprint: Footprint Not Found RESC1608X50N
Change Footprint: Footprint Not Found RESC1608X50N
Change Footprint: Footprint Not Found RESC1608X50N
Change Footprint: Footprint Not Found RESC1608X50N
Change Footprint: Footprint Not Found RESC1608X50N
Change Footprint: Footprint Not Found RESC1608X50N
Change Footprint: Footprint Not Found RESC1608X50N
Change Footprint: Footprint Not Found CAPC2012X94N
Change Footprint: Footprint Not Found CAPC2012X94N
Change Footprint: Footprint Not Found CAPC2012X94N
Change Footprint: Footprint Not Found CAPC2012X94N
Change Footprint: Footprint Not Found CAPC2012X94N
Change Footprint: Footprint Not Found CAPC2012X94N
Change Footprint: Footprint Not Found CAPC2012X94N
Change Footprint: Footprint Not Found CAPC2012X94N
Change Footprint: Footprint Not Found CAPC2012X94N
Change Footprint: Footprint Not Found CAPC2012X94N
Change Footprint: Footprint Not Found CAPC2012X94N
Change Footprint: Footprint Not Found CAPC2012X94N
Change Footprint: Footprint Not Found CAPC2012X94N
Change Footprint: Footprint Not Found DIOM5336X265N
Change Footprint: Footprint Not Found SOIC127P599X175-8N
Change Footprint: Footprint Not Found SOTFL50P160X60-8N
Change Footprint: Footprint Not Found DIO_UCLAMP0571P.TNT
Change Footprint: Footprint Not Found DIO_UCLAMP0571P.TNT
Change Footprint: Footprint Not Found AMASS_XT60PW-F
