Replace Part J? 2_Pin_Terminal_Block in D:\PerturbMax\PerturbMax\PerturbMax\Schlib1.SchLib with 2_Pin_Terminal_Block from Schlib1.SchLib
Replace Part J? 4_pin_header in D:\PerturbMax\PerturbMax\PerturbMax\Schlib1.SchLib with 4_pin_header from Schlib1.SchLib
Replace Part U? AMS1117-5.0 in D:\PerturbMax\PerturbMax\PerturbMax\Schlib1.SchLib with AMS1117-5.0 from Schlib1.SchLib
Replace Part U? BTS7960B in D:\PerturbMax\PerturbMax\PerturbMax\Schlib1.SchLib with BTS7960B from Schlib1.SchLib
Replace Part S? BUTT-2 in D:\PerturbMax\PerturbMax\PerturbMax\Schlib1.SchLib with BUTT-2 from Schlib1.SchLib
Replace Part C? CAPACITOR in D:\PerturbMax\PerturbMax\PerturbMax\Schlib1.SchLib with CAPACITOR from Schlib1.SchLib
Replace Part U? ESP32-S3-WROOM-1-N16R2 in D:\PerturbMax\PerturbMax\PerturbMax\Schlib1.SchLib with ESP32-S3-WROOM-1-N16R2 from Schlib1.SchLib
Replace Part U? ESP32-WROOM-32 in D:\PerturbMax\PerturbMax\PerturbMax\Schlib1.SchLib with ESP32-WROOM-32 from Schlib1.SchLib
Replace Part E? Ferrite_Bead in D:\PerturbMax\PerturbMax\PerturbMax\Schlib1.SchLib with Ferrite_Bead from Schlib1.SchLib
Replace Part Q? IRF7470 in D:\PerturbMax\PerturbMax\PerturbMax\Schlib1.SchLib with IRF7470 from Schlib1.SchLib
Replace Part J? JST_XH_Balance in D:\PerturbMax\PerturbMax\PerturbMax\Schlib1.SchLib with JST_XH_Balance from Schlib1.SchLib
Replace Part * Polyfuse in D:\PerturbMax\PerturbMax\PerturbMax\Schlib1.SchLib with Polyfuse from Schlib1.SchLib
Replace Part R? Resistor_SMD in D:\PerturbMax\PerturbMax\PerturbMax\Schlib1.SchLib with Resistor_SMD from Schlib1.SchLib
Replace Part S? SCBR_Button in D:\PerturbMax\PerturbMax\PerturbMax\Schlib1.SchLib with SCBR_Button from Schlib1.SchLib
Replace Part D SMD-LED(0603) in D:\PerturbMax\PerturbMax\PerturbMax\Schlib1.SchLib with SMD-LED(0603) from Schlib1.SchLib
Replace Part C? SMD_Ceramic_CAP in D:\PerturbMax\PerturbMax\PerturbMax\Schlib1.SchLib with SMD_Ceramic_CAP from Schlib1.SchLib
Replace Part D? SS24 in D:\PerturbMax\PerturbMax\PerturbMax\Schlib1.SchLib with SS24 from Schlib1.SchLib
Replace Part U? TC4420COA in D:\PerturbMax\PerturbMax\PerturbMax\Schlib1.SchLib with TC4420COA from Schlib1.SchLib
Replace Part C? TH_CAP in D:\PerturbMax\PerturbMax\PerturbMax\Schlib1.SchLib with TH_CAP from Schlib1.SchLib
Replace Part R? TH_Resistor in D:\PerturbMax\PerturbMax\PerturbMax\Schlib1.SchLib with TH_Resistor from Schlib1.SchLib
Replace Part U? TPS2116DRLR in D:\PerturbMax\PerturbMax\PerturbMax\Schlib1.SchLib with TPS2116DRLR from Schlib1.SchLib
Replace Part D? TVS_15V in D:\PerturbMax\PerturbMax\PerturbMax\Schlib1.SchLib with TVS_15V from Schlib1.SchLib
Replace Part J? TYPE-C-31-M-12 in D:\PerturbMax\PerturbMax\PerturbMax\Schlib1.SchLib with TYPE-C-31-M-12 from Schlib1.SchLib
Replace Part J? XT60PW-F in D:\PerturbMax\PerturbMax\PerturbMax\Schlib1.SchLib with XT60PW-F from Schlib1.SchLib
Replace Part J? XT60PW-M in D:\PerturbMax\PerturbMax\PerturbMax\Schlib1.SchLib with XT60PW-M from Schlib1.SchLib
