Replace Part * IRF7470 in D:\PerturbMax\PerturbMax\PerturbMax\Sheet1.SchDoc with IRF7470 from Schlib1.SchLib
Replace Part C1 SMD_Ceramic_CAP in D:\PerturbMax\PerturbMax\PerturbMax\Sheet1.SchDoc with SMD_Ceramic_CAP from Schlib1.SchLib
Replace Part C2 SMD_Ceramic_CAP in D:\PerturbMax\PerturbMax\PerturbMax\Sheet1.SchDoc with SMD_Ceramic_CAP from Schlib1.SchLib
Replace Part C3 SMD_Ceramic_CAP in D:\PerturbMax\PerturbMax\PerturbMax\Sheet1.SchDoc with SMD_Ceramic_CAP from Schlib1.SchLib
Replace Part C4 CAPACITOR in D:\PerturbMax\PerturbMax\PerturbMax\Sheet1.SchDoc with CAPACITOR from Schlib1.SchLib
Replace Part C5 CAPACITOR in D:\PerturbMax\PerturbMax\PerturbMax\Sheet1.SchDoc with CAPACITOR from Schlib1.SchLib
Replace Part C6 SMD_Ceramic_CAP in D:\PerturbMax\PerturbMax\PerturbMax\Sheet1.SchDoc with SMD_Ceramic_CAP from Schlib1.SchLib
Replace Part C7 CAPACITOR in D:\PerturbMax\PerturbMax\PerturbMax\Sheet1.SchDoc with CAPACITOR from Schlib1.SchLib
Replace Part C8 CAPACITOR in D:\PerturbMax\PerturbMax\PerturbMax\Sheet1.SchDoc with CAPACITOR from Schlib1.SchLib
Replace Part C9 SMD_Ceramic_CAP in D:\PerturbMax\PerturbMax\PerturbMax\Sheet1.SchDoc with SMD_Ceramic_CAP from Schlib1.SchLib
Replace Part C10 CAPACITOR in D:\PerturbMax\PerturbMax\PerturbMax\Sheet1.SchDoc with CAPACITOR from Schlib1.SchLib
Replace Part C11 CAPACITOR in D:\PerturbMax\PerturbMax\PerturbMax\Sheet1.SchDoc with CAPACITOR from Schlib1.SchLib
Replace Part C12 SMD_Ceramic_CAP in D:\PerturbMax\PerturbMax\PerturbMax\Sheet1.SchDoc with SMD_Ceramic_CAP from Schlib1.SchLib
Replace Part C13 SMD_Ceramic_CAP in D:\PerturbMax\PerturbMax\PerturbMax\Sheet1.SchDoc with SMD_Ceramic_CAP from Schlib1.SchLib
Replace Part C14 SMD_Ceramic_CAP in D:\PerturbMax\PerturbMax\PerturbMax\Sheet1.SchDoc with SMD_Ceramic_CAP from Schlib1.SchLib
Replace Part C15 SMD_Ceramic_CAP in D:\PerturbMax\PerturbMax\PerturbMax\Sheet1.SchDoc with SMD_Ceramic_CAP from Schlib1.SchLib
Replace Part C16 SMD_Ceramic_CAP in D:\PerturbMax\PerturbMax\PerturbMax\Sheet1.SchDoc with SMD_Ceramic_CAP from Schlib1.SchLib
Replace Part C17 SMD_Ceramic_CAP in D:\PerturbMax\PerturbMax\PerturbMax\Sheet1.SchDoc with SMD_Ceramic_CAP from Schlib1.SchLib
Replace Part C18 SMD_Ceramic_CAP in D:\PerturbMax\PerturbMax\PerturbMax\Sheet1.SchDoc with SMD_Ceramic_CAP from Schlib1.SchLib
Replace Part C19 SMD_Ceramic_CAP in D:\PerturbMax\PerturbMax\PerturbMax\Sheet1.SchDoc with SMD_Ceramic_CAP from Schlib1.SchLib
Replace Part C20 CAPACITOR in D:\PerturbMax\PerturbMax\PerturbMax\Sheet1.SchDoc with CAPACITOR from Schlib1.SchLib
Replace Part C21 CAPACITOR in D:\PerturbMax\PerturbMax\PerturbMax\Sheet1.SchDoc with CAPACITOR from Schlib1.SchLib
Replace Part D SMD-LED(0603) in D:\PerturbMax\PerturbMax\PerturbMax\Sheet1.SchDoc with SMD-LED(0603) from Schlib1.SchLib
Replace Part D1 TVS_15V in D:\PerturbMax\PerturbMax\PerturbMax\Sheet1.SchDoc with TVS_15V from Schlib1.SchLib
Replace Part D2 SMD-LED(0603) in D:\PerturbMax\PerturbMax\PerturbMax\Sheet1.SchDoc with SMD-LED(0603) from Schlib1.SchLib
Replace Part D3 TVS_15V in D:\PerturbMax\PerturbMax\PerturbMax\Sheet1.SchDoc with TVS_15V from Schlib1.SchLib
Replace Part D4 SMD-LED(0603) in D:\PerturbMax\PerturbMax\PerturbMax\Sheet1.SchDoc with SMD-LED(0603) from Schlib1.SchLib
Replace Part D5 SS24 in D:\PerturbMax\PerturbMax\PerturbMax\Sheet1.SchDoc with SS24 from Schlib1.SchLib
Replace Part E1 Ferrite_Bead in D:\PerturbMax\PerturbMax\PerturbMax\Sheet1.SchDoc with Ferrite_Bead from Schlib1.SchLib
Replace Part F* Polyfuse in D:\PerturbMax\PerturbMax\PerturbMax\Sheet1.SchDoc with Polyfuse from Schlib1.SchLib
Replace Part J2 2_Pin_Terminal_Block in D:\PerturbMax\PerturbMax\PerturbMax\Sheet1.SchDoc with 2_Pin_Terminal_Block from Schlib1.SchLib
Replace Part J3 2_Pin_Terminal_Block in D:\PerturbMax\PerturbMax\PerturbMax\Sheet1.SchDoc with 2_Pin_Terminal_Block from Schlib1.SchLib
Replace Part J4 4_pin_header in D:\PerturbMax\PerturbMax\PerturbMax\Sheet1.SchDoc with 4_pin_header from Schlib1.SchLib
Replace Part J5 TYPE-C-31-M-12 in D:\PerturbMax\PerturbMax\PerturbMax\Sheet1.SchDoc with TYPE-C-31-M-12 from Schlib1.SchLib
Replace Part J6 2_Pin_Terminal_Block in D:\PerturbMax\PerturbMax\PerturbMax\Sheet1.SchDoc with 2_Pin_Terminal_Block from Schlib1.SchLib
Replace Part J7 2_Pin_Terminal_Block in D:\PerturbMax\PerturbMax\PerturbMax\Sheet1.SchDoc with 2_Pin_Terminal_Block from Schlib1.SchLib
Replace Part R2 Resistor_SMD in D:\PerturbMax\PerturbMax\PerturbMax\Sheet1.SchDoc with Resistor_SMD from Schlib1.SchLib
Replace Part R3 Resistor_SMD in D:\PerturbMax\PerturbMax\PerturbMax\Sheet1.SchDoc with Resistor_SMD from Schlib1.SchLib
Replace Part R4 Resistor_SMD in D:\PerturbMax\PerturbMax\PerturbMax\Sheet1.SchDoc with Resistor_SMD from Schlib1.SchLib
Replace Part R5 Resistor_SMD in D:\PerturbMax\PerturbMax\PerturbMax\Sheet1.SchDoc with Resistor_SMD from Schlib1.SchLib
Replace Part R6 Resistor_SMD in D:\PerturbMax\PerturbMax\PerturbMax\Sheet1.SchDoc with Resistor_SMD from Schlib1.SchLib
Replace Part R7 Resistor_SMD in D:\PerturbMax\PerturbMax\PerturbMax\Sheet1.SchDoc with Resistor_SMD from Schlib1.SchLib
Replace Part R8 Resistor_SMD in D:\PerturbMax\PerturbMax\PerturbMax\Sheet1.SchDoc with Resistor_SMD from Schlib1.SchLib
Replace Part R9 Resistor_SMD in D:\PerturbMax\PerturbMax\PerturbMax\Sheet1.SchDoc with Resistor_SMD from Schlib1.SchLib
Replace Part R10 Resistor_SMD in D:\PerturbMax\PerturbMax\PerturbMax\Sheet1.SchDoc with Resistor_SMD from Schlib1.SchLib
Replace Part R11 Resistor_SMD in D:\PerturbMax\PerturbMax\PerturbMax\Sheet1.SchDoc with Resistor_SMD from Schlib1.SchLib
Replace Part R12 Resistor_SMD in D:\PerturbMax\PerturbMax\PerturbMax\Sheet1.SchDoc with Resistor_SMD from Schlib1.SchLib
Replace Part R13 Resistor_SMD in D:\PerturbMax\PerturbMax\PerturbMax\Sheet1.SchDoc with Resistor_SMD from Schlib1.SchLib
Replace Part R14 Resistor_SMD in D:\PerturbMax\PerturbMax\PerturbMax\Sheet1.SchDoc with Resistor_SMD from Schlib1.SchLib
Replace Part R15 Resistor_SMD in D:\PerturbMax\PerturbMax\PerturbMax\Sheet1.SchDoc with Resistor_SMD from Schlib1.SchLib
Replace Part R16 Resistor_SMD in D:\PerturbMax\PerturbMax\PerturbMax\Sheet1.SchDoc with Resistor_SMD from Schlib1.SchLib
Replace Part S1 BUTT-2 in D:\PerturbMax\PerturbMax\PerturbMax\Sheet1.SchDoc with BUTT-2 from Schlib1.SchLib
Replace Part S2 BUTT-2 in D:\PerturbMax\PerturbMax\PerturbMax\Sheet1.SchDoc with BUTT-2 from Schlib1.SchLib
Replace Part S3 BUTT-2 in D:\PerturbMax\PerturbMax\PerturbMax\Sheet1.SchDoc with BUTT-2 from Schlib1.SchLib
Replace Part S4 BUTT-2 in D:\PerturbMax\PerturbMax\PerturbMax\Sheet1.SchDoc with BUTT-2 from Schlib1.SchLib
Replace Part U1 ESP32-S3-WROOM-1-N16R2 in D:\PerturbMax\PerturbMax\PerturbMax\Sheet1.SchDoc with ESP32-S3-WROOM-1-N16R2 from Schlib1.SchLib
Replace Part U2 AMS1117-5.0 in D:\PerturbMax\PerturbMax\PerturbMax\Sheet1.SchDoc with AMS1117-5.0 from Schlib1.SchLib
Replace Part U3 BTS7960B in D:\PerturbMax\PerturbMax\PerturbMax\Sheet1.SchDoc with BTS7960B from Schlib1.SchLib
Replace Part U4 BTS7960B in D:\PerturbMax\PerturbMax\PerturbMax\Sheet1.SchDoc with BTS7960B from Schlib1.SchLib
Replace Part U5 TC4420COA in D:\PerturbMax\PerturbMax\PerturbMax\Sheet1.SchDoc with TC4420COA from Schlib1.SchLib
Replace Part U6 AMS1117-5.0 in D:\PerturbMax\PerturbMax\PerturbMax\Sheet1.SchDoc with AMS1117-5.0 from Schlib1.SchLib
Replace Part U7 TPS2116DRLR in D:\PerturbMax\PerturbMax\PerturbMax\Sheet1.SchDoc with TPS2116DRLR from Schlib1.SchLib
